<?xml version="1.0" encoding="UTF-8"?>
<testng-results skipped="0" failed="0" total="1" passed="1">
  <reporter-output>
  </reporter-output>
  <suite name="Default suite" duration-ms="3317" started-at="2020-01-04T12:41:48Z" finished-at="2020-01-04T12:41:51Z">
    <groups>
    </groups>
    <test name="Default test" duration-ms="3317" started-at="2020-01-04T12:41:48Z" finished-at="2020-01-04T12:41:51Z">
      <class name="com.Auto_Test.Case.Test_Case_AutoInterface">
        <test-method status="PASS" signature="read()[pri:0, instance:com.Auto_Test.Case.Test_Case_AutoInterface@4f7d0008]" name="read" is-config="true" duration-ms="9" started-at="2020-01-04T20:41:48Z" finished-at="2020-01-04T20:41:48Z">
          <reporter-output>
          </reporter-output>
        </test-method> <!-- read -->
        <test-method status="PASS" signature="test_case()[pri:0, instance:com.Auto_Test.Case.Test_Case_AutoInterface@4f7d0008]" name="test_case" duration-ms="3298" started-at="2020-01-04T20:41:48Z" finished-at="2020-01-04T20:41:51Z">
          <reporter-output>
          </reporter-output>
        </test-method> <!-- test_case -->
      </class> <!-- com.Auto_Test.Case.Test_Case_AutoInterface -->
    </test> <!-- Default test -->
  </suite> <!-- Default suite -->
</testng-results>
